Mar 17, 2013 3:48:24 PM org.apache.catalina.core.ApplicationContext log
INFO: HTMLManager: init: Associated with Deployer 'Catalina:type=Deployer,host=localhost'
Mar 17, 2013 3:48:24 PM org.apache.catalina.core.ApplicationContext log
INFO: HTMLManager: init: Global resources are available
Mar 17, 2013 3:48:24 PM org.apache.catalina.core.ApplicationContext log
INFO: HTMLManager: list: Listing contexts for virtual host 'localhost'
Mar 17, 2013 3:48:50 PM org.apache.catalina.core.ApplicationContext log
INFO: HTMLManager: list: Listing contexts for virtual host 'localhost'
Mar 17, 2013 3:48:58 PM org.apache.catalina.core.ApplicationContext log
INFO: HTMLManager: restart: Reloading web application '/thundercat'
Mar 17, 2013 3:48:58 PM org.apache.catalina.core.ApplicationContext log
INFO: HTMLManager: list: Listing contexts for virtual host 'localhost'
Mar 17, 2013 3:50:29 PM org.apache.catalina.core.ApplicationContext log
INFO: HTMLManager: restart: Reloading web application '/thundercat'
Mar 17, 2013 3:50:29 PM org.apache.catalina.core.ApplicationContext log
INFO: HTMLManager: list: Listing contexts for virtual host 'localhost'
Mar 17, 2013 3:50:37 PM org.apache.catalina.core.ApplicationContext log
INFO: HTMLManager: stop: Stopping web application '/thundercat'
Mar 17, 2013 3:50:37 PM org.apache.catalina.core.ApplicationContext log
INFO: HTMLManager: list: Listing contexts for virtual host 'localhost'
Mar 17, 2013 3:50:41 PM org.apache.catalina.core.ApplicationContext log
INFO: HTMLManager: start: Starting web application '/thundercat'
Mar 17, 2013 3:50:41 PM org.apache.catalina.core.ApplicationContext log
INFO: HTMLManager: list: Listing contexts for virtual host 'localhost'
Mar 17, 2013 3:55:44 PM org.apache.catalina.core.ApplicationContext log
INFO: HTMLManager: init: Associated with Deployer 'Catalina:type=Deployer,host=localhost'
Mar 17, 2013 3:55:44 PM org.apache.catalina.core.ApplicationContext log
INFO: HTMLManager: init: Global resources are available
Mar 17, 2013 3:55:44 PM org.apache.catalina.core.ApplicationContext log
INFO: HTMLManager: list: Listing contexts for virtual host 'localhost'
Mar 17, 2013 3:55:46 PM org.apache.catalina.core.ApplicationContext log
INFO: HTMLManager: list: Listing contexts for virtual host 'localhost'
Mar 17, 2013 3:57:55 PM org.apache.catalina.core.ApplicationContext log
INFO: HTMLManager: list: Listing contexts for virtual host 'localhost'
Mar 17, 2013 4:04:07 PM org.apache.catalina.core.ApplicationContext log
INFO: HTMLManager: list: Listing contexts for virtual host 'localhost'
Mar 17, 2013 4:05:16 PM org.apache.catalina.core.ApplicationContext log
INFO: HTMLManager: list: Listing contexts for virtual host 'localhost'
Mar 17, 2013 4:05:17 PM org.apache.catalina.core.ApplicationContext log
INFO: HTMLManager: list: Listing contexts for virtual host 'localhost'
Mar 17, 2013 4:05:58 PM org.apache.catalina.core.ApplicationContext log
INFO: HTMLManager: list: Listing contexts for virtual host 'localhost'
Mar 17, 2013 4:05:59 PM org.apache.catalina.core.ApplicationContext log
INFO: HTMLManager: list: Listing contexts for virtual host 'localhost'
Mar 17, 2013 4:05:59 PM org.apache.catalina.core.ApplicationContext log
INFO: HTMLManager: list: Listing contexts for virtual host 'localhost'
Mar 17, 2013 4:06:00 PM org.apache.catalina.core.ApplicationContext log
INFO: HTMLManager: list: Listing contexts for virtual host 'localhost'
Mar 17, 2013 4:06:08 PM org.apache.catalina.core.ApplicationContext log
INFO: HTMLManager: list: Listing contexts for virtual host 'localhost'
Mar 17, 2013 4:06:09 PM org.apache.catalina.core.ApplicationContext log
INFO: HTMLManager: list: Listing contexts for virtual host 'localhost'
Mar 17, 2013 4:06:47 PM org.apache.catalina.core.ApplicationContext log
INFO: HTMLManager: list: Listing contexts for virtual host 'localhost'
Mar 17, 2013 4:06:48 PM org.apache.catalina.core.ApplicationContext log
INFO: HTMLManager: list: Listing contexts for virtual host 'localhost'
Mar 17, 2013 4:06:48 PM org.apache.catalina.core.ApplicationContext log
INFO: HTMLManager: list: Listing contexts for virtual host 'localhost'
Mar 17, 2013 4:06:48 PM org.apache.catalina.core.ApplicationContext log
INFO: HTMLManager: list: Listing contexts for virtual host 'localhost'
Mar 17, 2013 4:08:00 PM org.apache.catalina.core.ApplicationContext log
INFO: HTMLManager: list: Listing contexts for virtual host 'localhost'
Mar 17, 2013 4:08:33 PM org.apache.catalina.core.ApplicationContext log
INFO: HTMLManager: list: Listing contexts for virtual host 'localhost'
Mar 17, 2013 4:10:33 PM org.apache.catalina.core.ApplicationContext log
INFO: HTMLManager: list: Listing contexts for virtual host 'localhost'
Mar 17, 2013 4:10:34 PM org.apache.catalina.core.ApplicationContext log
INFO: HTMLManager: list: Listing contexts for virtual host 'localhost'
Mar 17, 2013 4:19:58 PM org.apache.catalina.core.ApplicationContext log
INFO: HTMLManager: list: Listing contexts for virtual host 'localhost'
Mar 17, 2013 4:19:59 PM org.apache.catalina.core.ApplicationContext log
INFO: HTMLManager: list: Listing contexts for virtual host 'localhost'
Mar 17, 2013 4:19:59 PM org.apache.catalina.core.ApplicationContext log
INFO: HTMLManager: list: Listing contexts for virtual host 'localhost'
Mar 17, 2013 4:19:59 PM org.apache.catalina.core.ApplicationContext log
INFO: HTMLManager: list: Listing contexts for virtual host 'localhost'
Mar 17, 2013 4:19:59 PM org.apache.catalina.core.ApplicationContext log
INFO: HTMLManager: list: Listing contexts for virtual host 'localhost'
